c:\users\liu\desktop\simulation\simulation\simulation\debug\vc140.pdb
c:\users\liu\desktop\simulation\simulation\simulation\debug\vc140.idb
c:\users\liu\desktop\simulation\simulation\simulation\debug\display.obj
c:\users\liu\desktop\simulation\simulation\simulation\debug\model.obj
c:\users\liu\desktop\simulation\simulation\simulation\debug\wictextureloader.obj
c:\users\liu\desktop\simulation\simulation\simulation\debug\winprocess.obj
c:\users\liu\desktop\simulation\simulation\simulation\debug\main.obj
c:\users\liu\desktop\simulation\simulation\debug\pshader.cso
c:\users\liu\desktop\simulation\simulation\debug\vshader.cso
c:\users\liu\desktop\simulation\simulation\debug\simulation.ilk
c:\users\liu\desktop\simulation\simulation\debug\simulation.exe
c:\users\liu\desktop\simulation\simulation\debug\simulation.pdb
c:\users\liu\desktop\simulation\simulation\simulation\debug\simulation.tlog\cl.command.1.tlog
c:\users\liu\desktop\simulation\simulation\simulation\debug\simulation.tlog\cl.read.1.tlog
c:\users\liu\desktop\simulation\simulation\simulation\debug\simulation.tlog\cl.write.1.tlog
c:\users\liu\desktop\simulation\simulation\simulation\debug\simulation.tlog\fxc.command.1.tlog
c:\users\liu\desktop\simulation\simulation\simulation\debug\simulation.tlog\fxc.read.1.tlog
c:\users\liu\desktop\simulation\simulation\simulation\debug\simulation.tlog\fxc.write.1.tlog
c:\users\liu\desktop\simulation\simulation\simulation\debug\simulation.tlog\link.command.1.tlog
c:\users\liu\desktop\simulation\simulation\simulation\debug\simulation.tlog\link.read.1.tlog
c:\users\liu\desktop\simulation\simulation\simulation\debug\simulation.tlog\link.write.1.tlog
c:\users\liu\desktop\simulation\simulation\simulation\debug\simulation.tlog\simulation.write.1u.tlog
